<?xml version="1.0" encoding="UTF-8"?>
<!-- Generated by org.testng.reporters.JUnitXMLReporter -->
<testsuite ignored="0" hostname="MaksimPC" failures="0" tests="63" name="Command line test" time="0.09" errors="0" timestamp="14 мая 2019 08:28:36 GMT">
  <testcase classname="by.chybisau.firsttask.creator.CargoPlaneCreatorTest" name="testCreate" time="0.01"/>
  <testcase classname="by.chybisau.firsttask.creator.CargoPlaneCreatorTest" name="testCreate" time="0.01"/>
  <testcase classname="by.chybisau.firsttask.creator.CargoPlaneCreatorTest" name="testCreate" time="0.0"/>
  <testcase classname="by.chybisau.firsttask.logic.filter.CruisingSpeedFilterTest" name="testTest" time="0.0"/>
  <testcase classname="by.chybisau.firsttask.logic.filter.CruisingSpeedFilterTest" name="testTest" time="0.0"/>
  <testcase classname="by.chybisau.firsttask.logic.filter.CruisingSpeedFilterTest" name="testTest" time="0.0"/>
  <testcase classname="by.chybisau.firsttask.logic.filter.CruisingSpeedFilterTest" name="testTest" time="0.0"/>
  <testcase classname="by.chybisau.firsttask.creator.PassangerPlaneCreatorTest" name="testCreate" time="0.0"/>
  <testcase classname="by.chybisau.firsttask.creator.PassangerPlaneCreatorTest" name="testCreate" time="0.0"/>
  <testcase classname="by.chybisau.firsttask.creator.PassangerPlaneCreatorTest" name="testCreate" time="0.0"/>
  <testcase classname="by.chybisau.firsttask.creator.PassangerPlaneCreatorTest" name="testCreate" time="0.0"/>
  <testcase classname="by.chybisau.firsttask.creator.PassangerPlaneCreatorTest" name="testCreate" time="0.0"/>
  <testcase classname="by.chybisau.firsttask.creator.PassangerPlaneCreatorTest" name="testCreateTwo" time="0.0"/>
  <testcase classname="by.chybisau.firsttask.creator.PassangerPlaneCreatorTest" name="testCreateTwo" time="0.0"/>
  <testcase classname="by.chybisau.firsttask.creator.PassangerPlaneCreatorTest" name="testCreateTwo" time="0.0"/>
  <testcase classname="by.chybisau.firsttask.factory.FlyingMachinesFactoryTest" name="testCreate" time="0.0"/>
  <testcase classname="by.chybisau.firsttask.factory.FlyingMachinesFactoryTest" name="testCreate" time="0.0"/>
  <testcase classname="by.chybisau.firsttask.factory.FlyingMachinesFactoryTest" name="testCreate" time="0.0"/>
  <testcase classname="by.chybisau.firsttask.factory.FlyingMachinesFactoryTest" name="testCreate" time="0.0"/>
  <testcase classname="by.chybisau.firsttask.factory.FlyingMachinesFactoryTest" name="testCreateTwo" time="0.0"/>
  <testcase classname="by.chybisau.firsttask.factory.FlyingMachinesFactoryTest" name="testCreateTwo" time="0.0"/>
  <testcase classname="by.chybisau.firsttask.factory.FlyingMachinesFactoryTest" name="testCreateTwo" time="0.0"/>
  <testcase classname="by.chybisau.firsttask.logic.filter.FuelConsumptionFilterTest" name="testTest" time="0.0"/>
  <testcase classname="by.chybisau.firsttask.logic.filter.FuelConsumptionFilterTest" name="testTest" time="0.0"/>
  <testcase classname="by.chybisau.firsttask.logic.filter.FuelConsumptionFilterTest" name="testTest" time="0.0"/>
  <testcase classname="by.chybisau.firsttask.logic.filter.PlaneProducerFilterTest" name="testTest" time="0.0"/>
  <testcase classname="by.chybisau.firsttask.logic.filter.PlaneProducerFilterTest" name="testTest" time="0.0"/>
  <testcase classname="by.chybisau.firsttask.logic.filter.PlaneProducerFilterTest" name="testTest" time="0.0"/>
  <testcase classname="by.chybisau.firsttask.logic.finder.capacityfinder.CargoCapacityFinderTest" name="testCalculateTotalCargoCapacity" time="0.01"/>
  <testcase classname="by.chybisau.firsttask.logic.finder.capacityfinder.CargoCapacityFinderTest" name="testCalculateTotalCargoCapacity" time="0.0"/>
  <testcase classname="by.chybisau.firsttask.logic.finder.capacityfinder.CargoCapacityFinderTest" name="testGetMaxCargoCapacityPlane" time="0.0"/>
  <testcase classname="by.chybisau.firsttask.logic.finder.capacityfinder.CargoCapacityFinderTest" name="testGetMaxCargoCapacityPlane" time="0.0"/>
  <testcase classname="by.chybisau.firsttask.logic.finder.capacityfinder.CargoCapacityFinderTest" name="testGetMinCargoCapacityPlane" time="0.0"/>
  <testcase classname="by.chybisau.firsttask.logic.finder.capacityfinder.CargoCapacityFinderTest" name="testGetMinCargoCapacityPlane" time="0.0"/>
  <testcase classname="by.chybisau.firsttask.logic.finder.capacityfinder.PassangerCapacityFinderTest" name="testCalculateTotalPassangerCapacity" time="0.0"/>
  <testcase classname="by.chybisau.firsttask.logic.finder.capacityfinder.PassangerCapacityFinderTest" name="testCalculateTotalPassangerCapacity" time="0.0"/>
  <testcase classname="by.chybisau.firsttask.logic.finder.capacityfinder.PassangerCapacityFinderTest" name="testGetMaxPassangerCapacityPlane" time="0.0"/>
  <testcase classname="by.chybisau.firsttask.logic.finder.capacityfinder.PassangerCapacityFinderTest" name="testGetMaxPassangerCapacityPlane" time="0.0"/>
  <testcase classname="by.chybisau.firsttask.logic.finder.capacityfinder.PassangerCapacityFinderTest" name="testGetMinPassangerCapacityPlane" time="0.0"/>
  <testcase classname="by.chybisau.firsttask.logic.finder.capacityfinder.PassangerCapacityFinderTest" name="testGetMinPassangerCapacityPlane" time="0.0"/>
  <testcase classname="by.chybisau.firsttask.logic.sorter.CargoCapacityAndCruisingSpeedComparatorTest" name="testCompare" time="0.0"/>
  <testcase classname="by.chybisau.firsttask.logic.sorter.CargoCapacityAndCruisingSpeedComparatorTest" name="testCompare" time="0.0"/>
  <testcase classname="by.chybisau.firsttask.logic.sorter.CargoCapacityAndCruisingSpeedComparatorTest" name="testGetAscendingOrderOfCargoCapacity" time="0.0"/>
  <testcase classname="by.chybisau.firsttask.logic.sorter.CargoCapacityAndCruisingSpeedComparatorTest" name="testThenComparing" time="0.0"/>
  <testcase classname="by.chybisau.firsttask.logic.sorter.CruisingSpeedComparatorTest" name="testCompare" time="0.0"/>
  <testcase classname="by.chybisau.firsttask.logic.sorter.CruisingSpeedComparatorTest" name="testCompare" time="0.0"/>
  <testcase classname="by.chybisau.firsttask.logic.sorter.CruisingSpeedComparatorTest" name="testGetAscendingOrderOfCruisingSpeed" time="0.0"/>
  <testcase classname="by.chybisau.firsttask.logic.sorter.CruisingSpeedComparatorTest" name="testGetDescendingOrderOfCruisingSpeed" time="0.0"/>
  <testcase classname="by.chybisau.firsttask.logic.sorter.FlightRangeComparatorTest" name="testCompare" time="0.0"/>
  <testcase classname="by.chybisau.firsttask.logic.sorter.FlightRangeComparatorTest" name="testCompare" time="0.0"/>
  <testcase classname="by.chybisau.firsttask.logic.sorter.FlightRangeComparatorTest" name="testSortFlightRange" time="0.0"/>
  <testcase classname="by.chybisau.firsttask.logic.sorter.FuelConsumptionComparatorTest" name="testCompare" time="0.0"/>
  <testcase classname="by.chybisau.firsttask.logic.sorter.FuelConsumptionComparatorTest" name="testCompare" time="0.0"/>
  <testcase classname="by.chybisau.firsttask.logic.sorter.FuelConsumptionComparatorTest" name="testSortFuelConsumptionOfPlanes" time="0.0"/>
  <testcase classname="by.chybisau.firsttask.logic.sorter.PassangerCapacityComparatorTest" name="testCompare" time="0.0"/>
  <testcase classname="by.chybisau.firsttask.logic.sorter.PassangerCapacityComparatorTest" name="testCompare" time="0.0"/>
  <testcase classname="by.chybisau.firsttask.logic.sorter.PassangerCapacityComparatorTest" name="testSortPassangerCapacityOfPlanes" time="0.0"/>
  <testcase classname="by.chybisau.firsttask.validator.StringValidatorTest" name="testValidate" time="0.0"/>
  <testcase classname="by.chybisau.firsttask.validator.StringValidatorTest" name="testValidate" time="0.0"/>
  <testcase classname="by.chybisau.firsttask.validator.StringValidatorTest" name="testValidate" time="0.0"/>
  <testcase classname="by.chybisau.firsttask.validator.StringValidatorTest" name="testValidate" time="0.0"/>
  <testcase classname="by.chybisau.firsttask.validator.StringValidatorTest" name="testValidate" time="0.0"/>
  <testcase classname="by.chybisau.firsttask.validator.StringValidatorTest" name="testValidate" time="0.0"/>
</testsuite> <!-- Command line test -->
